INFO: [VRFC 10-2263] Analyzing Verilog file "D:/Computer Architecture/My-CPU/project_2/project_2.srcs/sources_1/imports/Chapter8/div.v" into library xil_defaultlib
INFO: [VRFC 10-311] analyzing module div
INFO: [VRFC 10-2263] Analyzing Verilog file "D:/Computer Architecture/My-CPU/project_2/project_2.srcs/sources_1/imports/Chapter8/ex.v" into library xil_defaultlib
INFO: [VRFC 10-311] analyzing module ex
INFO: [VRFC 10-2263] Analyzing Verilog file "D:/Computer Architecture/My-CPU/project_2/project_2.srcs/sources_1/imports/Chapter8/if_id.v" into library xil_defaultlib
INFO: [VRFC 10-311] analyzing module if_id
INFO: [VRFC 10-2263] Analyzing Verilog file "D:/Computer Architecture/My-CPU/project_2/project_2.srcs/sources_1/imports/Chapter8/pc_reg.v" into library xil_defaultlib
INFO: [VRFC 10-311] analyzing module pc_reg
INFO: [VRFC 10-2263] Analyzing Verilog file "D:/Computer Architecture/My-CPU/project_2/project_2.srcs/sources_1/imports/Chapter8/hilo_reg.v" into library xil_defaultlib
INFO: [VRFC 10-311] analyzing module hilo_reg
INFO: [VRFC 10-2263] Analyzing Verilog file "D:/Computer Architecture/My-CPU/project_2/project_2.srcs/sources_1/imports/Chapter8/id_ex.v" into library xil_defaultlib
INFO: [VRFC 10-311] analyzing module id_ex
INFO: [VRFC 10-2263] Analyzing Verilog file "D:/Computer Architecture/My-CPU/project_2/project_2.srcs/sources_1/imports/Chapter8/ctrl.v" into library xil_defaultlib
INFO: [VRFC 10-311] analyzing module ctrl
INFO: [VRFC 10-2263] Analyzing Verilog file "D:/Computer Architecture/My-CPU/project_2/project_2.srcs/sources_1/imports/Chapter8/regfile.v" into library xil_defaultlib
INFO: [VRFC 10-311] analyzing module regfile
INFO: [VRFC 10-2263] Analyzing Verilog file "D:/Computer Architecture/My-CPU/project_2/project_2.srcs/sources_1/imports/Chapter8/mem.v" into library xil_defaultlib
INFO: [VRFC 10-311] analyzing module mem
INFO: [VRFC 10-2263] Analyzing Verilog file "D:/Computer Architecture/My-CPU/project_2/project_2.srcs/sources_1/imports/Chapter8/mem_wb.v" into library xil_defaultlib
INFO: [VRFC 10-311] analyzing module mem_wb
INFO: [VRFC 10-2263] Analyzing Verilog file "D:/Computer Architecture/My-CPU/project_2/project_2.srcs/sources_1/imports/Chapter8/ex_mem.v" into library xil_defaultlib
INFO: [VRFC 10-311] analyzing module ex_mem
INFO: [VRFC 10-2263] Analyzing Verilog file "D:/Computer Architecture/My-CPU/project_2/project_2.srcs/sources_1/imports/Chapter8/id.v" into library xil_defaultlib
INFO: [VRFC 10-311] analyzing module id
INFO: [VRFC 10-2263] Analyzing Verilog file "D:/Computer Architecture/My-CPU/project_2/project_2.srcs/sources_1/imports/Chapter8/inst_rom.v" into library xil_defaultlib
INFO: [VRFC 10-311] analyzing module inst_rom
INFO: [VRFC 10-2263] Analyzing Verilog file "D:/Computer Architecture/My-CPU/project_2/project_2.srcs/sources_1/imports/Chapter8/openmips.v" into library xil_defaultlib
INFO: [VRFC 10-311] analyzing module openmips
INFO: [VRFC 10-2263] Analyzing Verilog file "D:/Computer Architecture/My-CPU/project_2/project_2.srcs/sources_1/imports/Chapter8/openmips_min_sopc.v" into library xil_defaultlib
INFO: [VRFC 10-311] analyzing module openmips_min_sopc
INFO: [VRFC 10-2263] Analyzing Verilog file "D:/Computer Architecture/My-CPU/project_2/project_2.srcs/sources_1/imports/Chapter8/openmips_min_sopc_tb.v" into library xil_defaultlib
INFO: [VRFC 10-311] analyzing module openmips_min_sopc_tb
INFO: [VRFC 10-2263] Analyzing Verilog file "D:/Computer Architecture/My-CPU/project_2/project_2.sim/sim_1/behav/glbl.v" into library xil_defaultlib
INFO: [VRFC 10-311] analyzing module glbl
