Unable to capture context for thread 22736 in process 23144, can not generate back trace
Unable to capture context for thread 23348 in process 23144, can not generate back trace
Exception at PC 0x00007FFF41A2BB93
Printing stacktrace...

Exception at PC 0x00007FFFCDD99E08
Exception at PC 0x00007FFFCDD99E08
Exception at PC 0x00007FFFCDD99E08
Exception at PC 0x00007FFFCDD99E08
Exception at PC 0x00007FFFCDD99E08
Exception at PC 0x00007FFFCDD99E08
Exception at PC 0x00007FFFCDD99E08
Exception at PC 0x00007FFFCDD99E08
Exception at PC 0x00007FFFCDD99E08
Exception at PC 0x00007FFFCDD99E08
Exception at PC 0x00007FFFCDD99E08
Exception at PC 0x00007FFFCDD99E08
[0]  [0x00007FFF41A2BB93]
[1]  [0x00007FFF41A2BB93]
[2]  [0x00007FFF41A2B4A1]
[3]  [0x00007FFF41A2B3EF]
[4]  [0x00007FFF41A119FE]
[5]  [0x00007FFF41A10ED1]
[6]  [0x00007FFF41A10D76]
[7]  [0x00007FFF419B79F6]
[8]  [0x00007FFF419A7AFB]
[9]  [0x00007FFF41ACE90A]
[10]  [0x00007FFF41AE9F87]
[11]  [0x00007FFF41AEA05F]
[12] (BaseThreadInitThunk+0x14) [0x00007FFFCEDD2774]
[13] (RtlUserThreadStart+0x21) [0x00007FFFD0D70D61]
Done
Exception at PC 0x00007FFFCDD99E08
Exception at PC 0x00007FFFCDD99E08
Exception at PC 0x00007FFFCDD99E08
Exception at PC 0x00007FFFCDD99E08
Exception at PC 0x00007FFFCDD99E08
