Unable to capture context for thread 12324 in process 12932, can not generate back trace
Exception at PC 0x00007FFA4AA3BB93
Printing stacktrace...

Unable to capture context for thread 12324 in process 12932, can not generate back trace
Exception at PC 0x00007FFAC8749E08
Exception at PC 0x00007FFAC8749E08
Exception at PC 0x00007FFAC8749E08
Exception at PC 0x00007FFAC8749E08
Exception at PC 0x00007FFAC8749E08
Exception at PC 0x00007FFAC8749E08
Exception at PC 0x00007FFAC8749E08
Exception at PC 0x00007FFAC8749E08
Exception at PC 0x00007FFAC8749E08
Exception at PC 0x00007FFAC8749E08
Exception at PC 0x00007FFAC8749E08
Exception at PC 0x00007FFAC8749E08
Exception at PC 0x00007FFAC8749E08
Exception at PC 0x00007FFAC8749E08
Exception at PC 0x00007FFAC8749E08
Exception at PC 0x00007FFAC8749E08
Exception at PC 0x00007FFAC8749E08
[0]  [0x00007FFA4AA3BB93]
[1]  [0x00007FFA4AA3BB93]
[2]  [0x00007FFA4AA3B4A1]
[3]  [0x00007FFA4AA3B3EF]
[4]  [0x00007FFA4AA219FE]
[5]  [0x00007FFA4AA20ED1]
[6]  [0x00007FFA4AA20D76]
[7]  [0x00007FFA4A9C79F6]
[8]  [0x00007FFA4A9B7AFB]
[9]  [0x00007FFA4AADE90A]
[10]  [0x00007FFA4AAF9F87]
[11]  [0x00007FFA4AAFA05F]
[12] (BaseThreadInitThunk+0x14) [0x00007FFACB852774]
[13] (RtlUserThreadStart+0x21) [0x00007FFACC180D61]
Done
