Copyright 1986-2016 Xilinx, Inc. All Rights Reserved.
-----------------------------------------------------------------------------------------------
| Tool Version : Vivado v.2016.4 (win64) Build 1756540 Mon Jan 23 19:11:23 MST 2017
| Date         : Sat Jun 17 21:45:54 2017
| Host         : DESKTOP-TAPUO4A running 64-bit major release  (build 9200)
| Command      : report_clock_utilization -file Small_Program_Top_clock_utilization_routed.rpt
| Design       : Small_Program_Top
| Device       : 7a100t-csg324
| Speed File   : -1  PRODUCTION 1.16 2016-11-09
-----------------------------------------------------------------------------------------------

Clock Utilization Report

Table of Contents
-----------------
1. Clock Primitive Utilization
2. Global Clock Resources
3. Global Clock Source Details
4. Clock Regions: Key Resource Utilization
5. Clock Regions : Global Clock Summary
6. Cell Type Counts per Global Clock: Region X0Y0
7. Cell Type Counts per Global Clock: Region X1Y0
8. Cell Type Counts per Global Clock: Region X0Y1
9. Cell Type Counts per Global Clock: Region X1Y1
10. Cell Type Counts per Global Clock: Region X0Y2
11. Cell Type Counts per Global Clock: Region X1Y2
12. Cell Type Counts per Global Clock: Region X0Y3
13. Cell Type Counts per Global Clock: Region X1Y3
14. Load Cell Placement Summary for Global Clock g0
15. Load Cell Placement Summary for Global Clock g1
16. Load Cell Placement Summary for Global Clock g2
17. Load Cell Placement Summary for Global Clock g3
18. Load Cell Placement Summary for Global Clock g4
19. Load Cell Placement Summary for Global Clock g5
20. Load Cell Placement Summary for Global Clock g6
21. Load Cell Placement Summary for Global Clock g7
22. Load Cell Placement Summary for Global Clock g8
23. Load Cell Placement Summary for Global Clock g9

1. Clock Primitive Utilization
------------------------------

+----------+------+-----------+-----+--------------+--------+
| Type     | Used | Available | LOC | Clock Region | Pblock |
+----------+------+-----------+-----+--------------+--------+
| BUFGCTRL |   10 |        32 |   0 |            0 |      0 |
| BUFH     |    0 |        96 |   0 |            0 |      0 |
| BUFIO    |    0 |        24 |   0 |            0 |      0 |
| BUFMR    |    0 |        12 |   0 |            0 |      0 |
| BUFR     |    0 |        24 |   0 |            0 |      0 |
| MMCM     |    0 |         6 |   0 |            0 |      0 |
| PLL      |    0 |         6 |   0 |            0 |      0 |
+----------+------+-----------+-----+--------------+--------+


2. Global Clock Resources
-------------------------

+-----------+-----------+-----------------+------------+----------------+--------------+------+-------------------+-------------------+-------------+-----------------+--------------+-------------+-----------------------------------------------------------+----------------------------------------------------+
| Global Id | Source Id | Driver Type/Pin | Constraint | Site           | Clock Region | Root | Clock Delay Group | Load Clock Region | Clock Loads | Non-Clock Loads | Clock Period | Clock       | Driver Pin                                                | Net                                                |
+-----------+-----------+-----------------+------------+----------------+--------------+------+-------------------+-------------------+-------------+-----------------+--------------+-------------+-----------------------------------------------------------+----------------------------------------------------+
| g0        | src0      | BUFG/O          | None       | BUFGCTRL_X0Y0  | n/a          |      |                   |                 8 |       34984 |               0 |              |             | clk_div0/clkout_BUFG_inst/O                               | clk_div0/clkout_BUFG                               |
| g1        | src1      | BUFG/O          | None       | BUFGCTRL_X0Y1  | n/a          |      |                   |                 1 |          66 |               0 |              |             | openmips_min_sopc0/openmips0/ex0/n_0_240_BUFG_inst/O      | openmips_min_sopc0/openmips0/ex0/n_0_240_BUFG      |
| g2        | src2      | BUFG/O          | None       | BUFGCTRL_X0Y2  | n/a          |      |                   |                 1 |          64 |               0 |              |             | openmips_min_sopc0/openmips0/ex0/n_1_244_BUFG_inst/O      | openmips_min_sopc0/openmips0/ex0/n_1_244_BUFG      |
| g3        | src3      | BUFG/O          | None       | BUFGCTRL_X0Y3  | n/a          |      |                   |                 2 |          60 |               0 |              |             | clk_div1/clkout_BUFG_inst/O                               | clk_div1/clkout_BUFG                               |
| g4        | src4      | BUFG/O          | None       | BUFGCTRL_X0Y4  | n/a          |      |                   |                 1 |          32 |               0 |              |             | openmips_min_sopc0/openmips0/cp0_reg0/n_5_102_BUFG_inst/O | openmips_min_sopc0/openmips0/cp0_reg0/n_5_102_BUFG |
| g5        | src5      | BUFG/O          | None       | BUFGCTRL_X0Y5  | n/a          |      |                   |                 1 |          32 |               0 |              |             | openmips_min_sopc0/openmips0/ctrl0/n_4_3_BUFG_inst/O      | openmips_min_sopc0/openmips0/ctrl0/n_4_3_BUFG      |
| g6        | src6      | BUFG/O          | None       | BUFGCTRL_X0Y6  | n/a          |      |                   |                 1 |          32 |               0 |              |             | openmips_min_sopc0/openmips0/id0/n_2_165_BUFG_inst/O      | openmips_min_sopc0/openmips0/id0/n_2_165_BUFG      |
| g7        | src7      | BUFG/O          | None       | BUFGCTRL_X0Y7  | n/a          |      |                   |                 1 |          32 |               0 |              |             | openmips_min_sopc0/openmips0/id0/n_6_242_BUFG_inst/O      | openmips_min_sopc0/openmips0/id0/n_6_242_BUFG      |
| g8        | src8      | BUFG/O          | None       | BUFGCTRL_X0Y8  | n/a          |      |                   |                 2 |          32 |               0 |              |             | openmips_min_sopc0/openmips0/mem0/n_3_126_BUFG_inst/O     | openmips_min_sopc0/openmips0/mem0/n_3_126_BUFG     |
| g9        | src9      | BUFG/O          | None       | BUFGCTRL_X0Y16 | n/a          |      |                   |                 1 |           2 |               0 |       10.000 | sys_clk_pin | clk_IBUF_BUFG_inst/O                                      | clk_IBUF_BUFG                                      |
+-----------+-----------+-----------------+------------+----------------+--------------+------+-------------------+-------------------+-------------+-----------------+--------------+-------------+-----------------------------------------------------------+----------------------------------------------------+
* Clock Loads column represents the clock pin loads (pin count)
** Non-Clock Loads column represents the non-clock pin loads (pin count)


3. Global Clock Source Details
------------------------------

+-----------+-----------+-----------------+------------+--------------+--------------+-------------+-----------------+---------------------+--------------+---------------------------------------------------------------+-------------------------------------------------------------+
| Source Id | Global Id | Driver Type/Pin | Constraint | Site         | Clock Region | Clock Loads | Non-Clock Loads | Source Clock Period | Source Clock | Driver Pin                                                    | Net                                                         |
+-----------+-----------+-----------------+------------+--------------+--------------+-------------+-----------------+---------------------+--------------+---------------------------------------------------------------+-------------------------------------------------------------+
| src0      | g0        | FDRE/Q          | None       | SLICE_X52Y97 | X1Y1         |           1 |               0 |                     |              | clk_div0/clkout_reg/Q                                         | clk_div0/clkout                                             |
| src1      | g1        | LUT6/O          | None       | SLICE_X50Y94 | X0Y1         |           1 |               0 |                     |              | openmips_min_sopc0/openmips0/ex0/n_0_240_BUFG_inst_i_1/O      | openmips_min_sopc0/openmips0/ex0/n_0_240_BUFG_inst_n_1      |
| src2      | g2        | LUT6/O          | None       | SLICE_X50Y96 | X0Y1         |           1 |               0 |                     |              | openmips_min_sopc0/openmips0/ex0/n_1_244_BUFG_inst_i_1/O      | openmips_min_sopc0/openmips0/ex0/n_1_244_BUFG_inst_n_2      |
| src3      | g3        | FDRE/Q          | None       | SLICE_X54Y96 | X1Y1         |           1 |               0 |                     |              | clk_div1/clkout_reg/Q                                         | clk_div1/clkout                                             |
| src4      | g4        | LUT5/O          | None       | SLICE_X50Y94 | X0Y1         |           1 |               0 |                     |              | openmips_min_sopc0/openmips0/cp0_reg0/n_5_102_BUFG_inst_i_1/O | openmips_min_sopc0/openmips0/cp0_reg0/n_5_102_BUFG_inst_n_6 |
| src5      | g5        | LUT5/O          | None       | SLICE_X50Y94 | X0Y1         |           1 |               0 |                     |              | openmips_min_sopc0/openmips0/ctrl0/n_4_3_BUFG_inst_i_1/O      | openmips_min_sopc0/openmips0/ctrl0/n_4_3_BUFG_inst_n_5      |
| src6      | g6        | LUT2/O          | None       | SLICE_X52Y96 | X1Y1         |           1 |               0 |                     |              | openmips_min_sopc0/openmips0/id0/n_2_165_BUFG_inst_i_1/O      | openmips_min_sopc0/openmips0/id0/n_2_165_BUFG_inst_n_3      |
| src7      | g7        | LUT2/O          | None       | SLICE_X52Y96 | X1Y1         |           1 |               0 |                     |              | openmips_min_sopc0/openmips0/id0/n_6_242_BUFG_inst_i_1/O      | openmips_min_sopc0/openmips0/id0/n_6_242_BUFG_inst_n_7      |
| src8      | g8        | LUT6/O          | None       | SLICE_X51Y96 | X0Y1         |           1 |               0 |                     |              | openmips_min_sopc0/openmips0/mem0/n_3_126_BUFG_inst_i_1/O     | openmips_min_sopc0/openmips0/mem0/n_3_126_BUFG_inst_n_4     |
| src9      | g9        | IBUF/O          | IOB_X1Y126 | IOB_X1Y126   | X1Y2         |           1 |               0 |              10.000 | sys_clk_pin  | clk_IBUF_inst/O                                               | clk_IBUF                                                    |
+-----------+-----------+-----------------+------------+--------------+--------------+-------------+-----------------+---------------------+--------------+---------------------------------------------------------------+-------------------------------------------------------------+
* Clock Loads column represents the clock pin loads (pin count)
** Non-Clock Loads column represents the non-clock pin loads (pin count)


4. Clock Regions: Key Resource Utilization
------------------------------------------

+-------------------+--------------+--------------+--------------+--------------+--------------+--------------+--------------+--------------+--------------+--------------+--------------+--------------+--------------+--------------+--------------+
|                   | Global Clock |     BUFRs    |    BUFMRs    |    BUFIOs    |     MMCM     |      PLL     |      GT      |      PCI     |    ILOGIC    |    OLOGIC    |      FF      |     LUTM     |    RAMB18    |    RAMB36    |    DSP48E2   |
+-------------------+------+-------+------+-------+------+-------+------+-------+------+-------+------+-------+------+-------+------+-------+------+-------+------+-------+------+-------+------+-------+------+-------+------+-------+------+-------+
| Clock Region Name | Used | Avail | Used | Avail | Used | Avail | Used | Avail | Used | Avail | Used | Avail | Used | Avail | Used | Avail | Used | Avail | Used | Avail | Used | Avail | Used | Avail | Used | Avail | Used | Avail | Used | Avail |
+-------------------+------+-------+------+-------+------+-------+------+-------+------+-------+------+-------+------+-------+------+-------+------+-------+------+-------+------+-------+------+-------+------+-------+------+-------+------+-------+
| X0Y0              |    8 |    12 |    0 |     4 |    0 |     2 |    0 |     4 |    0 |     1 |    0 |     1 |    0 |     0 |    0 |     0 |    0 |    50 |    0 |    50 | 2301 |  2600 |  633 |   600 |    0 |    20 |    0 |    10 |    0 |    20 |
| X1Y0              |    1 |    12 |    0 |     0 |    0 |     0 |    0 |     0 |    0 |     0 |    0 |     0 |    0 |     4 |    0 |     0 |    0 |     0 |    0 |     0 | 1740 |  1500 |  671 |   550 |    0 |    40 |    0 |    20 |    0 |    40 |
| X0Y1              |    2 |    12 |    0 |     4 |    0 |     2 |    0 |     4 |    0 |     1 |    0 |     1 |    0 |     0 |    0 |     0 |    0 |    50 |    0 |    50 | 4790 |  2000 | 1635 |   600 |    0 |    20 |    0 |    10 |    0 |    20 |
| X1Y1              |    2 |    12 |    0 |     4 |    0 |     2 |    0 |     4 |    0 |     1 |    0 |     1 |    0 |     0 |    0 |     0 |    0 |    50 |    0 |    50 | 4846 |  1900 | 1809 |   650 |    0 |    60 |    0 |    30 |    0 |    40 |
| X0Y2              |    1 |    12 |    0 |     4 |    0 |     2 |    0 |     4 |    0 |     1 |    0 |     1 |    0 |     0 |    0 |     0 |    0 |    50 |    0 |    50 | 5173 |  2000 | 1819 |   600 |    0 |    20 |    0 |    10 |    0 |    20 |
| X1Y2              |    2 |    12 |    0 |     4 |    0 |     2 |    0 |     4 |    0 |     1 |    0 |     1 |    0 |     0 |    0 |     0 |    0 |    50 |    0 |    50 | 5272 |  1900 | 1933 |   650 |    0 |    60 |    0 |    30 |    0 |    40 |
| X0Y3              |    2 |    12 |    0 |     4 |    0 |     2 |    0 |     4 |    0 |     1 |    0 |     1 |    0 |     0 |    0 |     0 |    0 |    50 |    0 |    50 | 7151 |  2600 | 1877 |   600 |    0 |    20 |    0 |    10 |    0 |    20 |
| X1Y3              |    1 |    12 |    0 |     0 |    0 |     0 |    0 |     0 |    0 |     0 |    0 |     0 |    0 |     4 |    0 |     1 |    0 |     0 |    0 |     0 | 3773 |  1350 | 1545 |   500 |    0 |    30 |    0 |    15 |    0 |    40 |
+-------------------+------+-------+------+-------+------+-------+------+-------+------+-------+------+-------+------+-------+------+-------+------+-------+------+-------+------+-------+------+-------+------+-------+------+-------+------+-------+
* Global Clock column represents track count; while other columns represents cell counts


5. Clock Regions : Global Clock Summary
---------------------------------------

+----+----+----+
|    | X0 | X1 |
+----+----+----+
| Y3 |  2 |  1 |
| Y2 |  1 |  2 |
| Y1 |  2 |  2 |
| Y0 |  8 |  1 |
+----+----+----+


6. Cell Type Counts per Global Clock: Region X0Y0
-------------------------------------------------

+-----------+-------+-----------------+------------+-------------+-----------------+------+--------+------+-----+----+------+-----+---------+----------------------------------------------------+
| Global Id | Track | Driver Type/Pin | Constraint | Clock Loads | Non-Clock Loads | FF   | LUTRAM | RAMB | DSP | GT | MMCM | PLL | Hard IP | Net                                                |
+-----------+-------+-----------------+------------+-------------+-----------------+------+--------+------+-----+----+------+-----+---------+----------------------------------------------------+
| g0        | n/a   | BUFG/O          | None       |        2301 |               0 | 2301 |      0 |    0 |   0 |  0 |    0 |   0 |       0 | clk_div0/clkout_BUFG                               |
| g1        | n/a   | BUFG/O          | None       |          66 |               0 |    0 |      0 |    0 |   0 |  0 |    0 |   0 |       0 | openmips_min_sopc0/openmips0/ex0/n_0_240_BUFG      |
| g2        | n/a   | BUFG/O          | None       |          64 |               0 |    0 |      0 |    0 |   0 |  0 |    0 |   0 |       0 | openmips_min_sopc0/openmips0/ex0/n_1_244_BUFG      |
| g4        | n/a   | BUFG/O          | None       |          32 |               0 |    0 |      0 |    0 |   0 |  0 |    0 |   0 |       0 | openmips_min_sopc0/openmips0/cp0_reg0/n_5_102_BUFG |
| g5        | n/a   | BUFG/O          | None       |          32 |               0 |    0 |      0 |    0 |   0 |  0 |    0 |   0 |       0 | openmips_min_sopc0/openmips0/ctrl0/n_4_3_BUFG      |
| g6        | n/a   | BUFG/O          | None       |          32 |               0 |    0 |      0 |    0 |   0 |  0 |    0 |   0 |       0 | openmips_min_sopc0/openmips0/id0/n_2_165_BUFG      |
| g7        | n/a   | BUFG/O          | None       |          32 |               0 |    0 |      0 |    0 |   0 |  0 |    0 |   0 |       0 | openmips_min_sopc0/openmips0/id0/n_6_242_BUFG      |
| g8        | n/a   | BUFG/O          | None       |          25 |               0 |    0 |      0 |    0 |   0 |  0 |    0 |   0 |       0 | openmips_min_sopc0/openmips0/mem0/n_3_126_BUFG     |
+-----------+-------+-----------------+------------+-------------+-----------------+------+--------+------+-----+----+------+-----+---------+----------------------------------------------------+
* Clock Loads column represents the clock pin loads (pin count)
** Non-Clock Loads column represents the non-clock pin loads (pin count)
*** Columns FF, LUTRAM, RAMB through 'Hard IP' represents load cell counts


7. Cell Type Counts per Global Clock: Region X1Y0
-------------------------------------------------

+-----------+-------+-----------------+------------+-------------+-----------------+------+--------+------+-----+----+------+-----+---------+----------------------+
| Global Id | Track | Driver Type/Pin | Constraint | Clock Loads | Non-Clock Loads | FF   | LUTRAM | RAMB | DSP | GT | MMCM | PLL | Hard IP | Net                  |
+-----------+-------+-----------------+------------+-------------+-----------------+------+--------+------+-----+----+------+-----+---------+----------------------+
| g0        | n/a   | BUFG/O          | None       |        1740 |               0 | 1740 |      0 |    0 |   0 |  0 |    0 |   0 |       0 | clk_div0/clkout_BUFG |
+-----------+-------+-----------------+------------+-------------+-----------------+------+--------+------+-----+----+------+-----+---------+----------------------+
* Clock Loads column represents the clock pin loads (pin count)
** Non-Clock Loads column represents the non-clock pin loads (pin count)
*** Columns FF, LUTRAM, RAMB through 'Hard IP' represents load cell counts


8. Cell Type Counts per Global Clock: Region X0Y1
-------------------------------------------------

+-----------+-------+-----------------+------------+-------------+-----------------+------+--------+------+-----+----+------+-----+---------+------------------------------------------------+
| Global Id | Track | Driver Type/Pin | Constraint | Clock Loads | Non-Clock Loads | FF   | LUTRAM | RAMB | DSP | GT | MMCM | PLL | Hard IP | Net                                            |
+-----------+-------+-----------------+------------+-------------+-----------------+------+--------+------+-----+----+------+-----+---------+------------------------------------------------+
| g0        | n/a   | BUFG/O          | None       |        4790 |               0 | 4790 |      0 |    0 |   0 |  0 |    0 |   0 |       0 | clk_div0/clkout_BUFG                           |
| g8        | n/a   | BUFG/O          | None       |           7 |               0 |    0 |      0 |    0 |   0 |  0 |    0 |   0 |       0 | openmips_min_sopc0/openmips0/mem0/n_3_126_BUFG |
+-----------+-------+-----------------+------------+-------------+-----------------+------+--------+------+-----+----+------+-----+---------+------------------------------------------------+
* Clock Loads column represents the clock pin loads (pin count)
** Non-Clock Loads column represents the non-clock pin loads (pin count)
*** Columns FF, LUTRAM, RAMB through 'Hard IP' represents load cell counts


9. Cell Type Counts per Global Clock: Region X1Y1
-------------------------------------------------

+-----------+-------+-----------------+------------+-------------+-----------------+------+--------+------+-----+----+------+-----+---------+----------------------+
| Global Id | Track | Driver Type/Pin | Constraint | Clock Loads | Non-Clock Loads | FF   | LUTRAM | RAMB | DSP | GT | MMCM | PLL | Hard IP | Net                  |
+-----------+-------+-----------------+------------+-------------+-----------------+------+--------+------+-----+----+------+-----+---------+----------------------+
| g0        | n/a   | BUFG/O          | None       |        4844 |               0 | 4844 |      0 |    0 |   0 |  0 |    0 |   0 |       0 | clk_div0/clkout_BUFG |
| g9        | n/a   | BUFG/O          | None       |           2 |               0 |    2 |      0 |    0 |   0 |  0 |    0 |   0 |       0 | clk_IBUF_BUFG        |
+-----------+-------+-----------------+------------+-------------+-----------------+------+--------+------+-----+----+------+-----+---------+----------------------+
* Clock Loads column represents the clock pin loads (pin count)
** Non-Clock Loads column represents the non-clock pin loads (pin count)
*** Columns FF, LUTRAM, RAMB through 'Hard IP' represents load cell counts


10. Cell Type Counts per Global Clock: Region X0Y2
--------------------------------------------------

+-----------+-------+-----------------+------------+-------------+-----------------+------+--------+------+-----+----+------+-----+---------+----------------------+
| Global Id | Track | Driver Type/Pin | Constraint | Clock Loads | Non-Clock Loads | FF   | LUTRAM | RAMB | DSP | GT | MMCM | PLL | Hard IP | Net                  |
+-----------+-------+-----------------+------------+-------------+-----------------+------+--------+------+-----+----+------+-----+---------+----------------------+
| g0        | n/a   | BUFG/O          | None       |        5173 |               0 | 5173 |      0 |    0 |   0 |  0 |    0 |   0 |       0 | clk_div0/clkout_BUFG |
+-----------+-------+-----------------+------------+-------------+-----------------+------+--------+------+-----+----+------+-----+---------+----------------------+
* Clock Loads column represents the clock pin loads (pin count)
** Non-Clock Loads column represents the non-clock pin loads (pin count)
*** Columns FF, LUTRAM, RAMB through 'Hard IP' represents load cell counts


11. Cell Type Counts per Global Clock: Region X1Y2
--------------------------------------------------

+-----------+-------+-----------------+------------+-------------+-----------------+------+--------+------+-----+----+------+-----+---------+----------------------+
| Global Id | Track | Driver Type/Pin | Constraint | Clock Loads | Non-Clock Loads | FF   | LUTRAM | RAMB | DSP | GT | MMCM | PLL | Hard IP | Net                  |
+-----------+-------+-----------------+------------+-------------+-----------------+------+--------+------+-----+----+------+-----+---------+----------------------+
| g0        | n/a   | BUFG/O          | None       |        5264 |               0 | 5264 |      0 |    0 |   0 |  0 |    0 |   0 |       0 | clk_div0/clkout_BUFG |
| g3        | n/a   | BUFG/O          | None       |           8 |               0 |    8 |      0 |    0 |   0 |  0 |    0 |   0 |       0 | clk_div1/clkout_BUFG |
+-----------+-------+-----------------+------------+-------------+-----------------+------+--------+------+-----+----+------+-----+---------+----------------------+
* Clock Loads column represents the clock pin loads (pin count)
** Non-Clock Loads column represents the non-clock pin loads (pin count)
*** Columns FF, LUTRAM, RAMB through 'Hard IP' represents load cell counts


12. Cell Type Counts per Global Clock: Region X0Y3
--------------------------------------------------

+-----------+-------+-----------------+------------+-------------+-----------------+------+--------+------+-----+----+------+-----+---------+----------------------+
| Global Id | Track | Driver Type/Pin | Constraint | Clock Loads | Non-Clock Loads | FF   | LUTRAM | RAMB | DSP | GT | MMCM | PLL | Hard IP | Net                  |
+-----------+-------+-----------------+------------+-------------+-----------------+------+--------+------+-----+----+------+-----+---------+----------------------+
| g0        | n/a   | BUFG/O          | None       |        7099 |               0 | 7099 |      0 |    0 |   0 |  0 |    0 |   0 |       0 | clk_div0/clkout_BUFG |
| g3        | n/a   | BUFG/O          | None       |          52 |               0 |   52 |      0 |    0 |   0 |  0 |    0 |   0 |       0 | clk_div1/clkout_BUFG |
+-----------+-------+-----------------+------------+-------------+-----------------+------+--------+------+-----+----+------+-----+---------+----------------------+
* Clock Loads column represents the clock pin loads (pin count)
** Non-Clock Loads column represents the non-clock pin loads (pin count)
*** Columns FF, LUTRAM, RAMB through 'Hard IP' represents load cell counts


13. Cell Type Counts per Global Clock: Region X1Y3
--------------------------------------------------

+-----------+-------+-----------------+------------+-------------+-----------------+------+--------+------+-----+----+------+-----+---------+----------------------+
| Global Id | Track | Driver Type/Pin | Constraint | Clock Loads | Non-Clock Loads | FF   | LUTRAM | RAMB | DSP | GT | MMCM | PLL | Hard IP | Net                  |
+-----------+-------+-----------------+------------+-------------+-----------------+------+--------+------+-----+----+------+-----+---------+----------------------+
| g0        | n/a   | BUFG/O          | None       |        3773 |               0 | 3773 |      0 |    0 |   0 |  0 |    0 |   0 |       0 | clk_div0/clkout_BUFG |
+-----------+-------+-----------------+------------+-------------+-----------------+------+--------+------+-----+----+------+-----+---------+----------------------+
* Clock Loads column represents the clock pin loads (pin count)
** Non-Clock Loads column represents the non-clock pin loads (pin count)
*** Columns FF, LUTRAM, RAMB through 'Hard IP' represents load cell counts


14. Load Cell Placement Summary for Global Clock g0
---------------------------------------------------

+-----------+-----------------+-------------------+-------+-------------+---------------+----------+-------------+----------+----------------+----------+----------------------+
| Global Id | Driver Type/Pin | Driver Region (D) | Clock | Period (ns) | Waveform (ns) | Root (R) | Slice Loads | IO Loads | Clocking Loads | GT Loads | Net                  |
+-----------+-----------------+-------------------+-------+-------------+---------------+----------+-------------+----------+----------------+----------+----------------------+
| g0        | BUFG/O          | n/a               |       |             |               |          |       34984 |        0 |              0 |        0 | clk_div0/clkout_BUFG |
+-----------+-----------------+-------------------+-------+-------------+---------------+----------+-------------+----------+----------------+----------+----------------------+
* Slice Loads column represents load cell count of all cell types other than IO, GT and clock resources
** IO Loads column represents load cell count of IO types
*** Clocking Loads column represents load cell count that are clock resources (global clock buffer, MMCM, PLL, etc)
**** GT Loads column represents load cell count of GT types


+----+-------+-------+
|    | X0    | X1    |
+----+-------+-------+
| Y3 |  7099 |  3773 |
| Y2 |  5173 |  5264 |
| Y1 |  4790 |  4844 |
| Y0 |  2301 |  1740 |
+----+-------+-------+


15. Load Cell Placement Summary for Global Clock g1
---------------------------------------------------

+-----------+-----------------+-------------------+-------+-------------+---------------+----------+-------------+----------+----------------+----------+-----------------------------------------------+
| Global Id | Driver Type/Pin | Driver Region (D) | Clock | Period (ns) | Waveform (ns) | Root (R) | Slice Loads | IO Loads | Clocking Loads | GT Loads | Net                                           |
+-----------+-----------------+-------------------+-------+-------------+---------------+----------+-------------+----------+----------------+----------+-----------------------------------------------+
| g1        | BUFG/O          | n/a               |       |             |               |          |          66 |        0 |              0 |        0 | openmips_min_sopc0/openmips0/ex0/n_0_240_BUFG |
+-----------+-----------------+-------------------+-------+-------------+---------------+----------+-------------+----------+----------------+----------+-----------------------------------------------+
* Slice Loads column represents load cell count of all cell types other than IO, GT and clock resources
** IO Loads column represents load cell count of IO types
*** Clocking Loads column represents load cell count that are clock resources (global clock buffer, MMCM, PLL, etc)
**** GT Loads column represents load cell count of GT types


+----+-----+----+
|    | X0  | X1 |
+----+-----+----+
| Y3 |   0 |  0 |
| Y2 |   0 |  0 |
| Y1 |   0 |  0 |
| Y0 |  66 |  0 |
+----+-----+----+


16. Load Cell Placement Summary for Global Clock g2
---------------------------------------------------

+-----------+-----------------+-------------------+-------+-------------+---------------+----------+-------------+----------+----------------+----------+-----------------------------------------------+
| Global Id | Driver Type/Pin | Driver Region (D) | Clock | Period (ns) | Waveform (ns) | Root (R) | Slice Loads | IO Loads | Clocking Loads | GT Loads | Net                                           |
+-----------+-----------------+-------------------+-------+-------------+---------------+----------+-------------+----------+----------------+----------+-----------------------------------------------+
| g2        | BUFG/O          | n/a               |       |             |               |          |          64 |        0 |              0 |        0 | openmips_min_sopc0/openmips0/ex0/n_1_244_BUFG |
+-----------+-----------------+-------------------+-------+-------------+---------------+----------+-------------+----------+----------------+----------+-----------------------------------------------+
* Slice Loads column represents load cell count of all cell types other than IO, GT and clock resources
** IO Loads column represents load cell count of IO types
*** Clocking Loads column represents load cell count that are clock resources (global clock buffer, MMCM, PLL, etc)
**** GT Loads column represents load cell count of GT types


+----+-----+----+
|    | X0  | X1 |
+----+-----+----+
| Y3 |   0 |  0 |
| Y2 |   0 |  0 |
| Y1 |   0 |  0 |
| Y0 |  64 |  0 |
+----+-----+----+


17. Load Cell Placement Summary for Global Clock g3
---------------------------------------------------

+-----------+-----------------+-------------------+-------+-------------+---------------+----------+-------------+----------+----------------+----------+----------------------+
| Global Id | Driver Type/Pin | Driver Region (D) | Clock | Period (ns) | Waveform (ns) | Root (R) | Slice Loads | IO Loads | Clocking Loads | GT Loads | Net                  |
+-----------+-----------------+-------------------+-------+-------------+---------------+----------+-------------+----------+----------------+----------+----------------------+
| g3        | BUFG/O          | n/a               |       |             |               |          |          60 |        0 |              0 |        0 | clk_div1/clkout_BUFG |
+-----------+-----------------+-------------------+-------+-------------+---------------+----------+-------------+----------+----------------+----------+----------------------+
* Slice Loads column represents load cell count of all cell types other than IO, GT and clock resources
** IO Loads column represents load cell count of IO types
*** Clocking Loads column represents load cell count that are clock resources (global clock buffer, MMCM, PLL, etc)
**** GT Loads column represents load cell count of GT types


+----+-----+----+
|    | X0  | X1 |
+----+-----+----+
| Y3 |  52 |  0 |
| Y2 |   0 |  8 |
| Y1 |   0 |  0 |
| Y0 |   0 |  0 |
+----+-----+----+


18. Load Cell Placement Summary for Global Clock g4
---------------------------------------------------

+-----------+-----------------+-------------------+-------+-------------+---------------+----------+-------------+----------+----------------+----------+----------------------------------------------------+
| Global Id | Driver Type/Pin | Driver Region (D) | Clock | Period (ns) | Waveform (ns) | Root (R) | Slice Loads | IO Loads | Clocking Loads | GT Loads | Net                                                |
+-----------+-----------------+-------------------+-------+-------------+---------------+----------+-------------+----------+----------------+----------+----------------------------------------------------+
| g4        | BUFG/O          | n/a               |       |             |               |          |          32 |        0 |              0 |        0 | openmips_min_sopc0/openmips0/cp0_reg0/n_5_102_BUFG |
+-----------+-----------------+-------------------+-------+-------------+---------------+----------+-------------+----------+----------------+----------+----------------------------------------------------+
* Slice Loads column represents load cell count of all cell types other than IO, GT and clock resources
** IO Loads column represents load cell count of IO types
*** Clocking Loads column represents load cell count that are clock resources (global clock buffer, MMCM, PLL, etc)
**** GT Loads column represents load cell count of GT types


+----+-----+----+
|    | X0  | X1 |
+----+-----+----+
| Y3 |   0 |  0 |
| Y2 |   0 |  0 |
| Y1 |   0 |  0 |
| Y0 |  32 |  0 |
+----+-----+----+


19. Load Cell Placement Summary for Global Clock g5
---------------------------------------------------

+-----------+-----------------+-------------------+-------+-------------+---------------+----------+-------------+----------+----------------+----------+-----------------------------------------------+
| Global Id | Driver Type/Pin | Driver Region (D) | Clock | Period (ns) | Waveform (ns) | Root (R) | Slice Loads | IO Loads | Clocking Loads | GT Loads | Net                                           |
+-----------+-----------------+-------------------+-------+-------------+---------------+----------+-------------+----------+----------------+----------+-----------------------------------------------+
| g5        | BUFG/O          | n/a               |       |             |               |          |          32 |        0 |              0 |        0 | openmips_min_sopc0/openmips0/ctrl0/n_4_3_BUFG |
+-----------+-----------------+-------------------+-------+-------------+---------------+----------+-------------+----------+----------------+----------+-----------------------------------------------+
* Slice Loads column represents load cell count of all cell types other than IO, GT and clock resources
** IO Loads column represents load cell count of IO types
*** Clocking Loads column represents load cell count that are clock resources (global clock buffer, MMCM, PLL, etc)
**** GT Loads column represents load cell count of GT types


+----+-----+----+
|    | X0  | X1 |
+----+-----+----+
| Y3 |   0 |  0 |
| Y2 |   0 |  0 |
| Y1 |   0 |  0 |
| Y0 |  32 |  0 |
+----+-----+----+


20. Load Cell Placement Summary for Global Clock g6
---------------------------------------------------

+-----------+-----------------+-------------------+-------+-------------+---------------+----------+-------------+----------+----------------+----------+-----------------------------------------------+
| Global Id | Driver Type/Pin | Driver Region (D) | Clock | Period (ns) | Waveform (ns) | Root (R) | Slice Loads | IO Loads | Clocking Loads | GT Loads | Net                                           |
+-----------+-----------------+-------------------+-------+-------------+---------------+----------+-------------+----------+----------------+----------+-----------------------------------------------+
| g6        | BUFG/O          | n/a               |       |             |               |          |          32 |        0 |              0 |        0 | openmips_min_sopc0/openmips0/id0/n_2_165_BUFG |
+-----------+-----------------+-------------------+-------+-------------+---------------+----------+-------------+----------+----------------+----------+-----------------------------------------------+
* Slice Loads column represents load cell count of all cell types other than IO, GT and clock resources
** IO Loads column represents load cell count of IO types
*** Clocking Loads column represents load cell count that are clock resources (global clock buffer, MMCM, PLL, etc)
**** GT Loads column represents load cell count of GT types


+----+-----+----+
|    | X0  | X1 |
+----+-----+----+
| Y3 |   0 |  0 |
| Y2 |   0 |  0 |
| Y1 |   0 |  0 |
| Y0 |  32 |  0 |
+----+-----+----+


21. Load Cell Placement Summary for Global Clock g7
---------------------------------------------------

+-----------+-----------------+-------------------+-------+-------------+---------------+----------+-------------+----------+----------------+----------+-----------------------------------------------+
| Global Id | Driver Type/Pin | Driver Region (D) | Clock | Period (ns) | Waveform (ns) | Root (R) | Slice Loads | IO Loads | Clocking Loads | GT Loads | Net                                           |
+-----------+-----------------+-------------------+-------+-------------+---------------+----------+-------------+----------+----------------+----------+-----------------------------------------------+
| g7        | BUFG/O          | n/a               |       |             |               |          |          32 |        0 |              0 |        0 | openmips_min_sopc0/openmips0/id0/n_6_242_BUFG |
+-----------+-----------------+-------------------+-------+-------------+---------------+----------+-------------+----------+----------------+----------+-----------------------------------------------+
* Slice Loads column represents load cell count of all cell types other than IO, GT and clock resources
** IO Loads column represents load cell count of IO types
*** Clocking Loads column represents load cell count that are clock resources (global clock buffer, MMCM, PLL, etc)
**** GT Loads column represents load cell count of GT types


+----+-----+----+
|    | X0  | X1 |
+----+-----+----+
| Y3 |   0 |  0 |
| Y2 |   0 |  0 |
| Y1 |   0 |  0 |
| Y0 |  32 |  0 |
+----+-----+----+


22. Load Cell Placement Summary for Global Clock g8
---------------------------------------------------

+-----------+-----------------+-------------------+-------+-------------+---------------+----------+-------------+----------+----------------+----------+------------------------------------------------+
| Global Id | Driver Type/Pin | Driver Region (D) | Clock | Period (ns) | Waveform (ns) | Root (R) | Slice Loads | IO Loads | Clocking Loads | GT Loads | Net                                            |
+-----------+-----------------+-------------------+-------+-------------+---------------+----------+-------------+----------+----------------+----------+------------------------------------------------+
| g8        | BUFG/O          | n/a               |       |             |               |          |          32 |        0 |              0 |        0 | openmips_min_sopc0/openmips0/mem0/n_3_126_BUFG |
+-----------+-----------------+-------------------+-------+-------------+---------------+----------+-------------+----------+----------------+----------+------------------------------------------------+
* Slice Loads column represents load cell count of all cell types other than IO, GT and clock resources
** IO Loads column represents load cell count of IO types
*** Clocking Loads column represents load cell count that are clock resources (global clock buffer, MMCM, PLL, etc)
**** GT Loads column represents load cell count of GT types


+----+-----+----+
|    | X0  | X1 |
+----+-----+----+
| Y3 |   0 |  0 |
| Y2 |   0 |  0 |
| Y1 |   7 |  0 |
| Y0 |  25 |  0 |
+----+-----+----+


23. Load Cell Placement Summary for Global Clock g9
---------------------------------------------------

+-----------+-----------------+-------------------+-------------+-------------+---------------+----------+-------------+----------+----------------+----------+---------------+
| Global Id | Driver Type/Pin | Driver Region (D) | Clock       | Period (ns) | Waveform (ns) | Root (R) | Slice Loads | IO Loads | Clocking Loads | GT Loads | Net           |
+-----------+-----------------+-------------------+-------------+-------------+---------------+----------+-------------+----------+----------------+----------+---------------+
| g9        | BUFG/O          | n/a               | sys_clk_pin |      10.000 | {0.000 5.000} |          |           2 |        0 |              0 |        0 | clk_IBUF_BUFG |
+-----------+-----------------+-------------------+-------------+-------------+---------------+----------+-------------+----------+----------------+----------+---------------+
* Slice Loads column represents load cell count of all cell types other than IO, GT and clock resources
** IO Loads column represents load cell count of IO types
*** Clocking Loads column represents load cell count that are clock resources (global clock buffer, MMCM, PLL, etc)
**** GT Loads column represents load cell count of GT types


+----+----+----+
|    | X0 | X1 |
+----+----+----+
| Y3 |  0 |  0 |
| Y2 |  0 |  0 |
| Y1 |  0 |  2 |
| Y0 |  0 |  0 |
+----+----+----+



# Location of BUFG Primitives 
set_property LOC BUFGCTRL_X0Y8 [get_cells openmips_min_sopc0/openmips0/mem0/n_3_126_BUFG_inst]
set_property LOC BUFGCTRL_X0Y7 [get_cells openmips_min_sopc0/openmips0/id0/n_6_242_BUFG_inst]
set_property LOC BUFGCTRL_X0Y6 [get_cells openmips_min_sopc0/openmips0/id0/n_2_165_BUFG_inst]
set_property LOC BUFGCTRL_X0Y2 [get_cells openmips_min_sopc0/openmips0/ex0/n_1_244_BUFG_inst]
set_property LOC BUFGCTRL_X0Y1 [get_cells openmips_min_sopc0/openmips0/ex0/n_0_240_BUFG_inst]
set_property LOC BUFGCTRL_X0Y5 [get_cells openmips_min_sopc0/openmips0/ctrl0/n_4_3_BUFG_inst]
set_property LOC BUFGCTRL_X0Y4 [get_cells openmips_min_sopc0/openmips0/cp0_reg0/n_5_102_BUFG_inst]
set_property LOC BUFGCTRL_X0Y3 [get_cells clk_div1/clkout_BUFG_inst]
set_property LOC BUFGCTRL_X0Y0 [get_cells clk_div0/clkout_BUFG_inst]
set_property LOC BUFGCTRL_X0Y16 [get_cells clk_IBUF_BUFG_inst]

# Location of IO Primitives which is load of clock spine

# Location of clock ports
set_property LOC IOB_X1Y126 [get_ports clk]

# Clock net "openmips_min_sopc0/openmips0/mem0/n_3_126_BUFG" driven by instance "openmips_min_sopc0/openmips0/mem0/n_3_126_BUFG_inst" located at site "BUFGCTRL_X0Y8"
#startgroup
create_pblock {CLKAG_openmips_min_sopc0/openmips0/mem0/n_3_126_BUFG}
add_cells_to_pblock [get_pblocks  {CLKAG_openmips_min_sopc0/openmips0/mem0/n_3_126_BUFG}] [get_cells -filter { PRIMITIVE_GROUP != I/O && IS_PRIMITIVE==1 && PRIMITIVE_LEVEL !=INTERNAL } -of_object [get_pins -filter {DIRECTION==IN} -of_objects [get_nets -hierarchical -filter {PARENT=="openmips_min_sopc0/openmips0/mem0/n_3_126_BUFG"}]]]
resize_pblock [get_pblocks {CLKAG_openmips_min_sopc0/openmips0/mem0/n_3_126_BUFG}] -add {CLOCKREGION_X0Y0:CLOCKREGION_X0Y0 CLOCKREGION_X0Y1:CLOCKREGION_X0Y1}
#endgroup

# Clock net "openmips_min_sopc0/openmips0/id0/n_6_242_BUFG" driven by instance "openmips_min_sopc0/openmips0/id0/n_6_242_BUFG_inst" located at site "BUFGCTRL_X0Y7"
#startgroup
create_pblock {CLKAG_openmips_min_sopc0/openmips0/id0/n_6_242_BUFG}
add_cells_to_pblock [get_pblocks  {CLKAG_openmips_min_sopc0/openmips0/id0/n_6_242_BUFG}] [get_cells -filter { PRIMITIVE_GROUP != I/O && IS_PRIMITIVE==1 && PRIMITIVE_LEVEL !=INTERNAL } -of_object [get_pins -filter {DIRECTION==IN} -of_objects [get_nets -hierarchical -filter {PARENT=="openmips_min_sopc0/openmips0/id0/n_6_242_BUFG"}]]]
resize_pblock [get_pblocks {CLKAG_openmips_min_sopc0/openmips0/id0/n_6_242_BUFG}] -add {CLOCKREGION_X0Y0:CLOCKREGION_X0Y0}
#endgroup

# Clock net "openmips_min_sopc0/openmips0/id0/n_2_165_BUFG" driven by instance "openmips_min_sopc0/openmips0/id0/n_2_165_BUFG_inst" located at site "BUFGCTRL_X0Y6"
#startgroup
create_pblock {CLKAG_openmips_min_sopc0/openmips0/id0/n_2_165_BUFG}
add_cells_to_pblock [get_pblocks  {CLKAG_openmips_min_sopc0/openmips0/id0/n_2_165_BUFG}] [get_cells -filter { PRIMITIVE_GROUP != I/O && IS_PRIMITIVE==1 && PRIMITIVE_LEVEL !=INTERNAL } -of_object [get_pins -filter {DIRECTION==IN} -of_objects [get_nets -hierarchical -filter {PARENT=="openmips_min_sopc0/openmips0/id0/n_2_165_BUFG"}]]]
resize_pblock [get_pblocks {CLKAG_openmips_min_sopc0/openmips0/id0/n_2_165_BUFG}] -add {CLOCKREGION_X0Y0:CLOCKREGION_X0Y0}
#endgroup

# Clock net "openmips_min_sopc0/openmips0/ex0/n_1_244_BUFG" driven by instance "openmips_min_sopc0/openmips0/ex0/n_1_244_BUFG_inst" located at site "BUFGCTRL_X0Y2"
#startgroup
create_pblock {CLKAG_openmips_min_sopc0/openmips0/ex0/n_1_244_BUFG}
add_cells_to_pblock [get_pblocks  {CLKAG_openmips_min_sopc0/openmips0/ex0/n_1_244_BUFG}] [get_cells -filter { PRIMITIVE_GROUP != I/O && IS_PRIMITIVE==1 && PRIMITIVE_LEVEL !=INTERNAL } -of_object [get_pins -filter {DIRECTION==IN} -of_objects [get_nets -hierarchical -filter {PARENT=="openmips_min_sopc0/openmips0/ex0/n_1_244_BUFG"}]]]
resize_pblock [get_pblocks {CLKAG_openmips_min_sopc0/openmips0/ex0/n_1_244_BUFG}] -add {CLOCKREGION_X0Y0:CLOCKREGION_X0Y0}
#endgroup

# Clock net "openmips_min_sopc0/openmips0/ex0/n_0_240_BUFG" driven by instance "openmips_min_sopc0/openmips0/ex0/n_0_240_BUFG_inst" located at site "BUFGCTRL_X0Y1"
#startgroup
create_pblock {CLKAG_openmips_min_sopc0/openmips0/ex0/n_0_240_BUFG}
add_cells_to_pblock [get_pblocks  {CLKAG_openmips_min_sopc0/openmips0/ex0/n_0_240_BUFG}] [get_cells -filter { PRIMITIVE_GROUP != I/O && IS_PRIMITIVE==1 && PRIMITIVE_LEVEL !=INTERNAL } -of_object [get_pins -filter {DIRECTION==IN} -of_objects [get_nets -hierarchical -filter {PARENT=="openmips_min_sopc0/openmips0/ex0/n_0_240_BUFG"}]]]
resize_pblock [get_pblocks {CLKAG_openmips_min_sopc0/openmips0/ex0/n_0_240_BUFG}] -add {CLOCKREGION_X0Y0:CLOCKREGION_X0Y0}
#endgroup

# Clock net "openmips_min_sopc0/openmips0/ctrl0/n_4_3_BUFG" driven by instance "openmips_min_sopc0/openmips0/ctrl0/n_4_3_BUFG_inst" located at site "BUFGCTRL_X0Y5"
#startgroup
create_pblock {CLKAG_openmips_min_sopc0/openmips0/ctrl0/n_4_3_BUFG}
add_cells_to_pblock [get_pblocks  {CLKAG_openmips_min_sopc0/openmips0/ctrl0/n_4_3_BUFG}] [get_cells -filter { PRIMITIVE_GROUP != I/O && IS_PRIMITIVE==1 && PRIMITIVE_LEVEL !=INTERNAL } -of_object [get_pins -filter {DIRECTION==IN} -of_objects [get_nets -hierarchical -filter {PARENT=="openmips_min_sopc0/openmips0/ctrl0/n_4_3_BUFG"}]]]
resize_pblock [get_pblocks {CLKAG_openmips_min_sopc0/openmips0/ctrl0/n_4_3_BUFG}] -add {CLOCKREGION_X0Y0:CLOCKREGION_X0Y0}
#endgroup

# Clock net "openmips_min_sopc0/openmips0/cp0_reg0/n_5_102_BUFG" driven by instance "openmips_min_sopc0/openmips0/cp0_reg0/n_5_102_BUFG_inst" located at site "BUFGCTRL_X0Y4"
#startgroup
create_pblock {CLKAG_openmips_min_sopc0/openmips0/cp0_reg0/n_5_102_BUFG}
add_cells_to_pblock [get_pblocks  {CLKAG_openmips_min_sopc0/openmips0/cp0_reg0/n_5_102_BUFG}] [get_cells -filter { PRIMITIVE_GROUP != I/O && IS_PRIMITIVE==1 && PRIMITIVE_LEVEL !=INTERNAL } -of_object [get_pins -filter {DIRECTION==IN} -of_objects [get_nets -hierarchical -filter {PARENT=="openmips_min_sopc0/openmips0/cp0_reg0/n_5_102_BUFG"}]]]
resize_pblock [get_pblocks {CLKAG_openmips_min_sopc0/openmips0/cp0_reg0/n_5_102_BUFG}] -add {CLOCKREGION_X0Y0:CLOCKREGION_X0Y0}
#endgroup

# Clock net "clk_div1/clkout_BUFG" driven by instance "clk_div1/clkout_BUFG_inst" located at site "BUFGCTRL_X0Y3"
#startgroup
create_pblock {CLKAG_clk_div1/clkout_BUFG}
add_cells_to_pblock [get_pblocks  {CLKAG_clk_div1/clkout_BUFG}] [get_cells -filter { PRIMITIVE_GROUP != I/O && IS_PRIMITIVE==1 && PRIMITIVE_LEVEL !=INTERNAL } -of_object [get_pins -filter {DIRECTION==IN} -of_objects [get_nets -hierarchical -filter {PARENT=="clk_div1/clkout_BUFG"}]]]
resize_pblock [get_pblocks {CLKAG_clk_div1/clkout_BUFG}] -add {CLOCKREGION_X0Y3:CLOCKREGION_X0Y3 CLOCKREGION_X1Y2:CLOCKREGION_X1Y2}
#endgroup

# Clock net "clk_div0/clkout_BUFG" driven by instance "clk_div0/clkout_BUFG_inst" located at site "BUFGCTRL_X0Y0"
#startgroup
create_pblock {CLKAG_clk_div0/clkout_BUFG}
add_cells_to_pblock [get_pblocks  {CLKAG_clk_div0/clkout_BUFG}] [get_cells -filter { PRIMITIVE_GROUP != I/O && IS_PRIMITIVE==1 && PRIMITIVE_LEVEL !=INTERNAL } -of_object [get_pins -filter {DIRECTION==IN} -of_objects [get_nets -hierarchical -filter {PARENT=="clk_div0/clkout_BUFG"}]]]
resize_pblock [get_pblocks {CLKAG_clk_div0/clkout_BUFG}] -add {CLOCKREGION_X0Y0:CLOCKREGION_X0Y0 CLOCKREGION_X0Y1:CLOCKREGION_X0Y1 CLOCKREGION_X0Y2:CLOCKREGION_X0Y2 CLOCKREGION_X0Y3:CLOCKREGION_X0Y3 CLOCKREGION_X1Y0:CLOCKREGION_X1Y0 CLOCKREGION_X1Y1:CLOCKREGION_X1Y1 CLOCKREGION_X1Y2:CLOCKREGION_X1Y2 CLOCKREGION_X1Y3:CLOCKREGION_X1Y3}
#endgroup

# Clock net "clk_IBUF_BUFG" driven by instance "clk_IBUF_BUFG_inst" located at site "BUFGCTRL_X0Y16"
#startgroup
create_pblock {CLKAG_clk_IBUF_BUFG}
add_cells_to_pblock [get_pblocks  {CLKAG_clk_IBUF_BUFG}] [get_cells -filter { PRIMITIVE_GROUP != I/O && IS_PRIMITIVE==1 && PRIMITIVE_LEVEL !=INTERNAL } -of_object [get_pins -filter {DIRECTION==IN} -of_objects [get_nets -hierarchical -filter {PARENT=="clk_IBUF_BUFG"}]]]
resize_pblock [get_pblocks {CLKAG_clk_IBUF_BUFG}] -add {CLOCKREGION_X1Y1:CLOCKREGION_X1Y1}
#endgroup
