Unable to capture context for thread 20132 in process 18532, can not generate back trace
Exception at PC 0x00007FFE625ABB93
Printing stacktrace...

Exception at PC 0x00007FFEDCBD9E08
Exception at PC 0x00007FFEDCBD9E08
Exception at PC 0x00007FFEDCBD9E08
Exception at PC 0x00007FFEDCBD9E08
Exception at PC 0x00007FFEDCBD9E08
Exception at PC 0x00007FFEDCBD9E08
Exception at PC 0x00007FFEDCBD9E08
Exception at PC 0x00007FFEDCBD9E08
Exception at PC 0x00007FFEDCBD9E08
Exception at PC 0x00007FFEDCBD9E08
Exception at PC 0x00007FFEDCBD9E08
Exception at PC 0x00007FFEDCBD9E08
Exception at PC 0x00007FFEDCBD9E08
Exception at PC 0x00007FFEDCBD9E08
[0]  [0x00007FFE625ABB93]
[1]  [0x00007FFE625ABB93]
[2]  [0x00007FFE625AB4A1]
[3]  [0x00007FFE625AB3EF]
[4]  [0x00007FFE625919FE]
[5]  [0x00007FFE62590ED1]
[6]  [0x00007FFE62590D76]
[7]  [0x00007FFE625379F6]
[8]  [0x00007FFE62527AFB]
[9]  [0x00007FFE6264E90A]
[10]  [0x00007FFE62669F87]
[11]  [0x00007FFE6266A05F]
[12] (BaseThreadInitThunk+0x14) [0x00007FFEDD8D2774]
[13] (RtlUserThreadStart+0x21) [0x00007FFEE01A0D61]
Done
Exception at PC 0x00007FFEDCBD9E08
Exception at PC 0x00007FFEDCBD9E08
Exception at PC 0x00007FFEDCBD9E08
